Performing C++ SOURCE FILE Test CMAKE_HAVE_LIBC_PTHREAD failed with the following output:
Change Dir: /home/cs211/hexaworld/build/CMakeFiles/CMakeTmp

Run Build Command(s):/usr/bin/make cmTC_e9e65/fast && /usr/bin/make -f CMakeFiles/cmTC_e9e65.dir/build.make CMakeFiles/cmTC_e9e65.dir/build
make[1]: Entering directory '/home/cs211/hexaworld/build/CMakeFiles/CMakeTmp'
Building CXX object CMakeFiles/cmTC_e9e65.dir/src.cxx.o
/usr/bin/c++    -DCMAKE_HAVE_LIBC_PTHREAD   -o CMakeFiles/cmTC_e9e65.dir/src.cxx.o -c /home/cs211/hexaworld/build/CMakeFiles/CMakeTmp/src.cxx
Linking CXX executable cmTC_e9e65
/usr/local/bin/cmake -E cmake_link_script CMakeFiles/cmTC_e9e65.dir/link.txt --verbose=1
/usr/bin/c++   -DCMAKE_HAVE_LIBC_PTHREAD    CMakeFiles/cmTC_e9e65.dir/src.cxx.o  -o cmTC_e9e65 
CMakeFiles/cmTC_e9e65.dir/src.cxx.o: In function `main':
src.cxx:(.text+0x3e): undefined reference to `pthread_create'
src.cxx:(.text+0x4a): undefined reference to `pthread_detach'
src.cxx:(.text+0x5b): undefined reference to `pthread_join'
src.cxx:(.text+0x6f): undefined reference to `pthread_atfork'
collect2: error: ld returned 1 exit status
CMakeFiles/cmTC_e9e65.dir/build.make:86: recipe for target 'cmTC_e9e65' failed
make[1]: *** [cmTC_e9e65] Error 1
make[1]: Leaving directory '/home/cs211/hexaworld/build/CMakeFiles/CMakeTmp'
Makefile:121: recipe for target 'cmTC_e9e65/fast' failed
make: *** [cmTC_e9e65/fast] Error 2


Source file was:
#include <pthread.h>

void* test_func(void* data)
{
  return data;
}

int main(void)
{
  pthread_t thread;
  pthread_create(&thread, NULL, test_func, NULL);
  pthread_detach(thread);
  pthread_join(thread, NULL);
  pthread_atfork(NULL, NULL, NULL);
  pthread_exit(NULL);

  return 0;
}

Determining if the function pthread_create exists in the pthreads failed with the following output:
Change Dir: /home/cs211/hexaworld/build/CMakeFiles/CMakeTmp

Run Build Command(s):/usr/bin/make cmTC_49467/fast && /usr/bin/make -f CMakeFiles/cmTC_49467.dir/build.make CMakeFiles/cmTC_49467.dir/build
make[1]: Entering directory '/home/cs211/hexaworld/build/CMakeFiles/CMakeTmp'
Building CXX object CMakeFiles/cmTC_49467.dir/CheckFunctionExists.cxx.o
/usr/bin/c++    -DCHECK_FUNCTION_EXISTS=pthread_create   -o CMakeFiles/cmTC_49467.dir/CheckFunctionExists.cxx.o -c /home/cs211/hexaworld/build/CMakeFiles/CheckLibraryExists/CheckFunctionExists.cxx
Linking CXX executable cmTC_49467
/usr/local/bin/cmake -E cmake_link_script CMakeFiles/cmTC_49467.dir/link.txt --verbose=1
/usr/bin/c++   -DCHECK_FUNCTION_EXISTS=pthread_create    CMakeFiles/cmTC_49467.dir/CheckFunctionExists.cxx.o  -o cmTC_49467  -lpthreads 
/usr/bin/ld: cannot find -lpthreads
collect2: error: ld returned 1 exit status
CMakeFiles/cmTC_49467.dir/build.make:86: recipe for target 'cmTC_49467' failed
make[1]: *** [cmTC_49467] Error 1
make[1]: Leaving directory '/home/cs211/hexaworld/build/CMakeFiles/CMakeTmp'
Makefile:121: recipe for target 'cmTC_49467/fast' failed
make: *** [cmTC_49467/fast] Error 2



